2024-06-22 05:14:29 [INFO]: Starting server initialization...
2024-06-22 05:14:29 [INFO]: Server running on port 3005
2024-06-22 05:14:37 [INFO]: Logging HTTP request: POST|/api/gpsdata/upload|202|129 ms|::1|-|PostmanRuntime/7.39.0|

2024-06-22 05:15:10 [INFO]: Logging HTTP request: POST|/api/gpsdata/upload|500|20 ms|::1|-|PostmanRuntime/7.39.0|

2024-06-22 05:15:11 [INFO]: Logging HTTP request: POST|/api/gpsdata/upload|500|31 ms|::1|-|PostmanRuntime/7.39.0|

2024-06-22 05:15:14 [INFO]: Logging HTTP request: POST|/api/gpsdata/upload|400|2 ms|::1|-|PostmanRuntime/7.39.0|

2024-06-22 05:18:46 [INFO]: Logging HTTP request: POST|/api/gpsdata/upload|400|2 ms|::1|-|PostmanRuntime/7.39.0|

2024-06-22 05:18:48 [INFO]: Logging HTTP request: POST|/api/gpsdata/upload|400|5 ms|::1|-|PostmanRuntime/7.39.0|

2024-06-22 05:18:54 [INFO]: Logging HTTP request: POST|/api/gpsdata/upload|202|175 ms|::1|-|PostmanRuntime/7.39.0|

2024-06-22 05:18:55 [INFO]: Logging HTTP request: POST|/api/gpsdata/upload|202|166 ms|::1|-|PostmanRuntime/7.39.0|

2024-06-22 05:18:56 [INFO]: Logging HTTP request: POST|/api/gpsdata/upload|202|171 ms|::1|-|PostmanRuntime/7.39.0|

2024-06-22 05:18:57 [INFO]: Logging HTTP request: POST|/api/gpsdata/upload|202|137 ms|::1|-|PostmanRuntime/7.39.0|

2024-06-22 05:18:58 [INFO]: Logging HTTP request: POST|/api/gpsdata/upload|202|124 ms|::1|-|PostmanRuntime/7.39.0|

2024-06-22 05:18:58 [INFO]: Logging HTTP request: POST|/api/gpsdata/upload|202|200 ms|::1|-|PostmanRuntime/7.39.0|

2024-06-22 05:18:59 [INFO]: Logging HTTP request: POST|/api/gpsdata/upload|202|282 ms|::1|-|PostmanRuntime/7.39.0|

2024-06-22 05:19:00 [INFO]: Logging HTTP request: POST|/api/gpsdata/upload|202|206 ms|::1|-|PostmanRuntime/7.39.0|

2024-06-22 05:19:01 [INFO]: Logging HTTP request: POST|/api/gpsdata/upload|202|483 ms|::1|-|PostmanRuntime/7.39.0|

2024-06-22 05:19:02 [INFO]: Logging HTTP request: POST|/api/gpsdata/upload|202|98 ms|::1|-|PostmanRuntime/7.39.0|

2024-06-22 05:19:02 [INFO]: Logging HTTP request: POST|/api/gpsdata/upload|202|228 ms|::1|-|PostmanRuntime/7.39.0|

2024-06-22 05:21:30 [INFO]: Logging HTTP request: POST|/api/gpsdata/upload|202|5470 ms|::1|-|PostmanRuntime/7.39.0|

2024-06-22 05:25:24 [INFO]: Logging HTTP request: POST|/api/gpsdata/upload|202|8 ms|::1|-|PostmanRuntime/7.39.0|

2024-06-22 05:25:43 [INFO]: Logging HTTP request: POST|/api/gpsdata/upload|202|4948 ms|::1|-|PostmanRuntime/7.39.0|

2024-06-22 05:25:46 [INFO]: Logging HTTP request: POST|/api/gpsdata/upload|202|2719 ms|::1|-|PostmanRuntime/7.39.0|

2024-06-22 05:25:54 [INFO]: Logging HTTP request: POST|/api/gpsdata/upload|202|6914 ms|::1|-|PostmanRuntime/7.39.0|

2024-06-22 05:26:02 [INFO]: Logging HTTP request: POST|/api/gpsdata/upload|202|6533 ms|::1|-|PostmanRuntime/7.39.0|

2024-06-22 05:26:09 [INFO]: Logging HTTP request: POST|/api/gpsdata/upload|202|6460 ms|::1|-|PostmanRuntime/7.39.0|

2024-06-22 05:26:20 [INFO]: Logging HTTP request: POST|/api/gpsdata/upload|202|9606 ms|::1|-|PostmanRuntime/7.39.0|

2024-06-22 05:26:29 [INFO]: Logging HTTP request: POST|/api/gpsdata/upload|202|7840 ms|::1|-|PostmanRuntime/7.39.0|

2024-06-22 05:26:40 [INFO]: Logging HTTP request: POST|/api/gpsdata/upload|202|9812 ms|::1|-|PostmanRuntime/7.39.0|

2024-06-22 05:26:44 [INFO]: Logging HTTP request: POST|/api/gpsdata/upload|202|27 ms|::1|-|PostmanRuntime/7.39.0|

2024-06-22 05:26:49 [INFO]: Logging HTTP request: POST|/api/gpsdata/upload|202|18 ms|::1|-|PostmanRuntime/7.39.0|

2024-06-22 05:26:52 [INFO]: Logging HTTP request: POST|/api/gpsdata/upload|202|573 ms|::1|-|PostmanRuntime/7.39.0|

2024-06-22 05:26:58 [INFO]: Logging HTTP request: POST|/api/gpsdata/upload|202|2985 ms|::1|-|PostmanRuntime/7.39.0|

2024-06-22 06:07:34 [INFO]: Starting server initialization...
2024-06-22 06:07:34 [INFO]: Server running on port 3005
2024-06-22 06:07:39 [INFO]: Logging HTTP request: POST|/api/gpsdata/upload|202|136 ms|::1|-|PostmanRuntime/7.39.0|

2024-06-22 06:08:06 [INFO]: Logging HTTP request: POST|/api/gpsdata/upload|202|5749 ms|::1|-|PostmanRuntime/7.39.0|

2024-06-22 06:08:12 [INFO]: Logging HTTP request: POST|/api/gpsdata/upload|202|4244 ms|::1|-|PostmanRuntime/7.39.0|

2024-06-22 06:08:17 [INFO]: Logging HTTP request: POST|/api/gpsdata/upload|202|4333 ms|::1|-|PostmanRuntime/7.39.0|

2024-06-22 06:08:25 [INFO]: Logging HTTP request: POST|/api/gpsdata/upload|202|6763 ms|::1|-|PostmanRuntime/7.39.0|

2024-06-22 06:08:41 [INFO]: Logging HTTP request: POST|/api/gpsdata/upload|202|899 ms|::1|-|PostmanRuntime/7.39.0|

2024-06-22 06:08:44 [INFO]: Logging HTTP request: POST|/api/gpsdata/upload|202|27 ms|::1|-|PostmanRuntime/7.39.0|

2024-06-22 06:08:46 [INFO]: Logging HTTP request: POST|/api/gpsdata/upload|202|11 ms|::1|-|PostmanRuntime/7.39.0|

2024-06-22 06:08:51 [INFO]: Logging HTTP request: POST|/api/gpsdata/upload|500|53 ms|::1|-|PostmanRuntime/7.39.0|

2024-06-22 06:08:57 [INFO]: Logging HTTP request: POST|/api/gpsdata/upload|202|215 ms|::1|-|PostmanRuntime/7.39.0|

2024-06-22 06:08:58 [INFO]: Logging HTTP request: POST|/api/gpsdata/upload|202|461 ms|::1|-|PostmanRuntime/7.39.0|

2024-06-22 06:09:00 [INFO]: Logging HTTP request: POST|/api/gpsdata/upload|202|119 ms|::1|-|PostmanRuntime/7.39.0|

2024-06-25 10:51:04 [INFO]: Starting server initialization...
2024-06-25 10:51:04 [INFO]: Server running on port 3005
2024-06-25 10:51:58 [INFO]: Logging HTTP request: POST|/api/gpsdata/upload|500|59 ms|::1|-|PostmanRuntime/7.32.2|

2024-06-25 10:55:08 [INFO]: Starting server initialization...
2024-06-25 10:55:08 [INFO]: Server running on port 3005
2024-06-25 10:59:01 [INFO]: Logging HTTP request: POST|/api/gpsdata/upload|500|223786 ms|::1|-|PostmanRuntime/7.32.2|

2024-06-25 11:00:09 [INFO]: Starting server initialization...
2024-06-25 11:00:09 [INFO]: Server running on port 3005
2024-06-25 11:00:40 [INFO]: Logging HTTP request: POST|/api/gpsdata/upload|202|47 ms|::1|-|PostmanRuntime/7.32.2|

2024-06-25 11:01:45 [INFO]: Logging HTTP request: POST|/api/gpsdata/upload|400|5 ms|::1|-|PostmanRuntime/7.32.2|

2024-06-25 11:04:11 [INFO]: Logging HTTP request: POST|/api/gpsdata/upload|202|5479 ms|::1|-|PostmanRuntime/7.32.2|

2024-06-25 11:34:51 [INFO]: Logging HTTP request: POST|/api/gpsdata/upload|202|6302 ms|::1|-|PostmanRuntime/7.32.2|

2024-06-25 11:37:09 [INFO]: Logging HTTP request: POST|/api/gpsdata/upload|202|26 ms|::1|-|PostmanRuntime/7.32.2|

2024-06-25 11:49:28 [INFO]: Logging HTTP request: POST|/api/gpsdata/upload|202|391 ms|::1|-|PostmanRuntime/7.32.2|

2024-06-25 11:49:53 [INFO]: Logging HTTP request: POST|/api/gpsdata/upload|202|14 ms|::1|-|PostmanRuntime/7.32.2|

2024-06-25 11:49:59 [INFO]: Logging HTTP request: POST|/api/gpsdata/upload|202|398 ms|::1|-|PostmanRuntime/7.32.2|

2024-06-25 11:50:00 [INFO]: Logging HTTP request: POST|/api/gpsdata/upload|202|442 ms|::1|-|PostmanRuntime/7.32.2|

2024-06-25 11:50:01 [INFO]: Logging HTTP request: POST|/api/gpsdata/upload|202|447 ms|::1|-|PostmanRuntime/7.32.2|

2024-06-25 11:50:03 [INFO]: Logging HTTP request: POST|/api/gpsdata/upload|202|463 ms|::1|-|PostmanRuntime/7.32.2|

2024-06-25 11:50:04 [INFO]: Logging HTTP request: POST|/api/gpsdata/upload|202|441 ms|::1|-|PostmanRuntime/7.32.2|

2024-06-25 11:50:05 [INFO]: Logging HTTP request: POST|/api/gpsdata/upload|202|440 ms|::1|-|PostmanRuntime/7.32.2|

2024-06-25 11:50:07 [INFO]: Logging HTTP request: POST|/api/gpsdata/upload|202|448 ms|::1|-|PostmanRuntime/7.32.2|

2024-06-25 11:51:09 [INFO]: Logging HTTP request: POST|/api/gpsdata/upload|202|416 ms|::1|-|PostmanRuntime/7.32.2|

2024-06-25 11:51:10 [INFO]: Logging HTTP request: POST|/api/gpsdata/upload|202|378 ms|::1|-|PostmanRuntime/7.32.2|

2024-06-25 11:51:12 [INFO]: Logging HTTP request: POST|/api/gpsdata/upload|202|389 ms|::1|-|PostmanRuntime/7.32.2|

2024-06-25 11:51:13 [INFO]: Logging HTTP request: POST|/api/gpsdata/upload|202|419 ms|::1|-|PostmanRuntime/7.32.2|

2024-06-25 11:55:36 [INFO]: Logging HTTP request: POST|/api/gpsdata/upload|202|6227 ms|::1|-|PostmanRuntime/7.32.2|

2024-06-25 12:43:56 [INFO]: Logging HTTP request: POST|/api/gpsdata/upload|202|6592 ms|::1|-|PostmanRuntime/7.32.2|

2024-06-25 12:44:12 [INFO]: Logging HTTP request: POST|/api/gpsdata/upload|202|493 ms|::1|-|PostmanRuntime/7.32.2|

2024-06-25 12:44:16 [INFO]: Logging HTTP request: POST|/api/gpsdata/upload|202|16 ms|::1|-|PostmanRuntime/7.32.2|

2024-06-25 12:46:08 [INFO]: Logging HTTP request: POST|/api/gpsdata/upload|202|16 ms|::1|-|PostmanRuntime/7.32.2|

2024-06-25 12:46:19 [INFO]: Logging HTTP request: POST|/api/gpsdata/upload|202|15 ms|::1|-|PostmanRuntime/7.32.2|

2024-06-25 12:46:20 [INFO]: Logging HTTP request: POST|/api/gpsdata/upload|202|19 ms|::1|-|PostmanRuntime/7.32.2|

2024-06-25 12:46:21 [INFO]: Logging HTTP request: POST|/api/gpsdata/upload|202|14 ms|::1|-|PostmanRuntime/7.32.2|

2024-06-25 12:46:22 [INFO]: Logging HTTP request: POST|/api/gpsdata/upload|202|22 ms|::1|-|PostmanRuntime/7.32.2|

2024-06-25 12:46:23 [INFO]: Logging HTTP request: POST|/api/gpsdata/upload|202|19 ms|::1|-|PostmanRuntime/7.32.2|

2024-06-28 08:33:45 [INFO]: Starting server initialization...
2024-06-28 08:33:45 [INFO]: Server running on port 3005
2024-06-28 08:34:06 [INFO]: Logging HTTP request: POST|/api/gpsdata/upload|202|40 ms|::1|-|PostmanRuntime/7.32.2|

2024-06-28 08:34:13 [INFO]: Logging HTTP request: POST|/api/gpsdata/upload|202|447 ms|::1|-|PostmanRuntime/7.32.2|

2024-06-28 08:34:41 [INFO]: Logging HTTP request: POST|/api/gpsdata/upload|202|4054 ms|::1|-|PostmanRuntime/7.32.2|

2024-06-28 08:48:49 [INFO]: Logging HTTP request: POST|/api/gpsdata/upload|202|284 ms|::1|-|PostmanRuntime/7.32.2|

2024-06-28 08:52:23 [INFO]: Starting server initialization...
2024-06-28 08:52:23 [INFO]: Server running on port 3005
2024-06-28 08:54:13 [INFO]: Logging HTTP request: POST|/api/gpsdata/upload|202|34 ms|::1|-|PostmanRuntime/7.32.2|

2024-06-28 09:08:49 [INFO]: Starting server initialization...
2024-06-28 09:08:49 [INFO]: Server running on port 3005
2024-06-28 09:11:41 [INFO]: Starting server initialization...
2024-06-28 09:11:41 [INFO]: Server running on port 3005
2024-06-28 09:13:36 [INFO]: Starting server initialization...
2024-06-28 09:13:36 [INFO]: Server running on port 3005
2024-06-28 09:14:08 [INFO]: Starting server initialization...
2024-06-28 09:14:09 [INFO]: Server running on port 3005
2024-06-28 09:14:15 [INFO]: Starting server initialization...
2024-06-28 09:14:15 [INFO]: Server running on port 3005
2024-06-28 09:20:36 [INFO]: Starting server initialization...
2024-06-28 09:20:36 [INFO]: Server running on port 3005
2024-06-28 09:20:48 [INFO]: Starting server initialization...
2024-06-28 09:20:48 [INFO]: Server running on port 3005
2024-06-28 09:20:58 [INFO]: Starting server initialization...
2024-06-28 09:20:59 [INFO]: Server running on port 3005
2024-06-28 09:21:07 [INFO]: Starting server initialization...
2024-06-28 09:21:07 [INFO]: Server running on port 3005
2024-06-28 09:22:05 [INFO]: Logging HTTP request: POST|/api/gpsdata/upload|202|46 ms|::1|-|PostmanRuntime/7.32.2|

2024-06-28 09:24:11 [INFO]: Logging HTTP request: POST|/api/gpsdata/upload|202|16 ms|::1|-|PostmanRuntime/7.32.2|

2024-06-28 09:27:25 [INFO]: Logging HTTP request: GET|/api/alerts|500|11 ms|::1|-|PostmanRuntime/7.32.2|

2024-06-28 09:27:59 [INFO]: Logging HTTP request: GET|/api/alerts/|500|10 ms|::1|-|PostmanRuntime/7.32.2|

2024-06-28 09:30:24 [INFO]: Starting server initialization...
2024-06-28 09:30:24 [INFO]: Server running on port 3005
2024-06-28 09:30:28 [INFO]: Logging HTTP request: GET|/api/alerts/|200|22 ms|::1|-|PostmanRuntime/7.32.2|

2024-06-28 09:35:10 [INFO]: Starting server initialization...
2024-06-28 09:35:11 [INFO]: Server running on port 3005
2024-06-28 09:35:15 [INFO]: Logging HTTP request: GET|/api/alerts/|200|12 ms|::1|-|PostmanRuntime/7.32.2|

2024-06-28 09:36:53 [INFO]: Logging HTTP request: GET|/api/alerts/|200|10 ms|::1|-|PostmanRuntime/7.32.2|

2024-06-28 09:37:00 [INFO]: Logging HTTP request: GET|/api/alerts/|200|4 ms|::1|-|PostmanRuntime/7.32.2|

2024-06-28 09:38:26 [INFO]: Logging HTTP request: POST|/api/gpsdata/upload|202|30 ms|::1|-|PostmanRuntime/7.32.2|

2024-06-28 09:39:25 [INFO]: Logging HTTP request: GET|/api/alerts/|200|8 ms|::1|-|PostmanRuntime/7.32.2|

2024-06-28 11:11:23 [INFO]: Starting server initialization...
2024-06-28 11:11:24 [INFO]: Server running on port 3005
2024-06-28 11:11:36 [INFO]: Logging HTTP request: POST|/api/gpsdata/upload|202|3580 ms|::1|-|PostmanRuntime/7.32.2|

2024-06-28 11:11:41 [INFO]: Logging HTTP request: POST|/api/gpsdata/upload|202|3495 ms|::1|-|PostmanRuntime/7.32.2|

2024-06-28 11:11:47 [INFO]: Logging HTTP request: POST|/api/gpsdata/upload|202|3589 ms|::1|-|PostmanRuntime/7.32.2|

2024-06-28 11:11:53 [INFO]: Logging HTTP request: POST|/api/gpsdata/upload|202|4140 ms|::1|-|PostmanRuntime/7.32.2|

2024-06-28 11:12:05 [INFO]: Logging HTTP request: POST|/api/gpsdata/upload|202|4853 ms|::1|-|PostmanRuntime/7.32.2|

2024-06-28 11:12:13 [INFO]: Logging HTTP request: POST|/api/gpsdata/upload|202|5665 ms|::1|-|PostmanRuntime/7.32.2|

2024-06-28 11:12:22 [INFO]: Logging HTTP request: POST|/api/gpsdata/upload|202|6704 ms|::1|-|PostmanRuntime/7.32.2|

2024-06-28 11:12:30 [INFO]: Logging HTTP request: POST|/api/gpsdata/upload|202|5850 ms|::1|-|PostmanRuntime/7.32.2|

2024-07-01 19:32:39 [INFO]: Starting server initialization...
2024-07-01 19:32:39 [INFO]: Server running on port 3005
2024-07-01 19:51:57 [INFO]: Logging HTTP request: POST|/api/gpsdata/upload|202|26 ms|::1|-|PostmanRuntime/7.39.0|

2024-07-01 19:52:40 [INFO]: Starting server initialization...
2024-07-01 19:52:41 [INFO]: Server running on port 3005
2024-07-01 19:52:52 [INFO]: Logging HTTP request: POST|/api/gpsdata/upload|202|26 ms|::1|-|PostmanRuntime/7.39.0|

2024-07-01 19:53:32 [INFO]: Logging HTTP request: POST|/api/gpsdata/upload|202|11 ms|::1|-|PostmanRuntime/7.39.0|

2024-07-03 19:00:13 [INFO]: Starting server initialization...
2024-07-03 19:00:13 [INFO]: Server running on port 3005
2024-07-03 19:48:19 [INFO]: Logging HTTP request: POST|/api/gpsdata/upload|400|15 ms|::1|-|PostmanRuntime/7.39.0|

2024-07-03 19:48:51 [INFO]: Logging HTTP request: POST|/api/gpsdata/upload|202|28 ms|::1|-|PostmanRuntime/7.39.0|

2024-07-04 01:26:06 [INFO]: Starting server initialization...
2024-07-04 01:26:06 [INFO]: Server running on port 3005
2024-07-04 01:26:34 [INFO]: Starting server initialization...
2024-07-04 01:26:34 [INFO]: Server running on port 3005
2024-07-07 19:52:38 [INFO]: Starting server initialization...
2024-07-07 19:52:38 [INFO]: Server running on port 3005
2024-07-07 19:53:06 [INFO]: Starting server initialization...
2024-07-07 19:53:07 [INFO]: Starting server initialization...
2024-07-07 19:53:09 [INFO]: Starting server initialization...
2024-07-07 19:53:52 [INFO]: Starting server initialization...
2024-07-07 19:53:55 [INFO]: Starting server initialization...
2024-07-07 19:54:29 [INFO]: Starting server initialization...
2024-07-07 19:54:32 [INFO]: Starting server initialization...
2024-07-07 19:54:34 [INFO]: Starting server initialization...
2024-07-07 19:54:38 [INFO]: Starting server initialization...
2024-07-07 19:54:40 [INFO]: Starting server initialization...
2024-07-07 19:54:54 [INFO]: Starting server initialization...
2024-07-07 19:54:57 [INFO]: Starting server initialization...
2024-07-07 19:55:00 [INFO]: Starting server initialization...
2024-07-07 19:55:13 [INFO]: Starting server initialization...
2024-07-07 19:55:13 [INFO]: Server running on port 3005
2024-07-07 19:56:43 [INFO]: Logging HTTP request: GET|/api/alerts/getAlerts|200|41 ms|::1|-|PostmanRuntime/7.39.0|

2024-07-07 20:07:51 [INFO]: Starting server initialization...
2024-07-07 20:07:51 [INFO]: Server running on port 3005
2024-07-07 20:07:58 [INFO]: Logging HTTP request: GET|/api/alerts/getAlerts|200|40 ms|::1|-|PostmanRuntime/7.39.0|

2024-07-07 22:32:03 [INFO]: Starting server initialization...
2024-07-07 22:32:03 [INFO]: Server running on port 3005
2024-07-07 22:32:17 [INFO]: Starting server initialization...
2024-07-07 22:32:18 [INFO]: Server running on port 3005
2024-07-07 22:32:58 [INFO]: Starting server initialization...
2024-07-07 22:32:58 [INFO]: Server running on port 3005
2024-07-07 22:33:09 [INFO]: Starting server initialization...
2024-07-07 22:33:15 [INFO]: Starting server initialization...
2024-07-07 22:33:31 [INFO]: Starting server initialization...
2024-07-07 22:33:44 [INFO]: Starting server initialization...
2024-07-07 22:34:51 [INFO]: Starting server initialization...
2024-07-07 22:34:56 [INFO]: Starting server initialization...
2024-07-07 22:34:58 [INFO]: Starting server initialization...
2024-07-07 22:35:04 [INFO]: Starting server initialization...
2024-07-07 22:35:06 [INFO]: Starting server initialization...
2024-07-07 22:35:06 [INFO]: Server running on port 3005
2024-07-07 22:37:36 [INFO]: Starting server initialization...
2024-07-07 22:37:36 [INFO]: Server running on port 3005
2024-07-07 22:37:38 [INFO]: Starting server initialization...
2024-07-07 22:37:38 [INFO]: Server running on port 3005
2024-07-07 22:47:09 [INFO]: Starting server initialization...
2024-07-07 22:47:17 [INFO]: Starting server initialization...
2024-07-07 22:47:39 [INFO]: Starting server initialization...
2024-07-07 22:47:39 [INFO]: Server running on port 3005
2024-07-07 22:47:51 [INFO]: Starting server initialization...
2024-07-07 22:47:51 [INFO]: Server running on port 3005
2024-07-07 22:48:00 [INFO]: Starting server initialization...
2024-07-07 22:48:00 [INFO]: Server running on port 3005
2024-07-07 22:48:11 [INFO]: Logging HTTP request: GET|/api/alerts/getAlerts|500|30 ms|::1|-|PostmanRuntime/7.39.0|

2024-07-07 22:50:09 [INFO]: Starting server initialization...
2024-07-07 22:50:09 [INFO]: Server running on port 3005
2024-07-07 22:50:14 [INFO]: Starting server initialization...
2024-07-07 22:50:14 [INFO]: Server running on port 3005
2024-07-07 22:50:22 [INFO]: Starting server initialization...
2024-07-07 22:50:22 [INFO]: Server running on port 3005
2024-07-07 22:50:23 [INFO]: Logging HTTP request: GET|/api/alerts/getAlerts|200|15 ms|::1|-|PostmanRuntime/7.39.0|

2024-07-07 22:51:18 [INFO]: Starting server initialization...
2024-07-07 22:51:18 [INFO]: Server running on port 3005
2024-07-07 22:51:23 [INFO]: Logging HTTP request: GET|/api/alerts/getAlerts|200|43 ms|::1|-|PostmanRuntime/7.39.0|

2024-07-07 22:54:16 [INFO]: Starting server initialization...
2024-07-07 22:54:16 [INFO]: Server running on port 3005
2024-07-07 22:54:19 [INFO]: Logging HTTP request: GET|/api/alerts/getAlerts|200|32 ms|::1|-|PostmanRuntime/7.39.0|

2024-07-07 23:32:28 [INFO]: Starting server initialization...
2024-07-07 23:38:43 [INFO]: Starting server initialization...
2024-07-07 23:40:39 [INFO]: Starting server initialization...
2024-07-07 23:41:58 [INFO]: Starting server initialization...
2024-07-07 23:41:58 [INFO]: Server running on port 3005
2024-07-07 23:42:07 [INFO]: Starting server initialization...
2024-07-07 23:42:08 [INFO]: Server running on port 3005
2024-07-07 23:47:08 [INFO]: Starting server initialization...
2024-07-07 23:47:09 [INFO]: Server running on port 3005
2024-07-07 23:47:51 [INFO]: Logging HTTP request: GET|/api/alerts/getAlerts|200|314 ms|::1|-|PostmanRuntime/7.39.0|

2024-07-08 00:16:57 [INFO]: Starting server initialization...
2024-07-08 00:16:57 [INFO]: Server running on port 3005
2024-07-08 00:21:09 [INFO]: Starting server initialization...
2024-07-08 00:21:19 [INFO]: Starting server initialization...
2024-07-08 00:21:24 [INFO]: Starting server initialization...
2024-07-08 00:21:26 [INFO]: Starting server initialization...
2024-07-08 00:21:26 [INFO]: Server running on port 3005
2024-07-08 00:21:33 [INFO]: Logging HTTP request: GET|/api/alerts/getAlerts|200|226 ms|::1|-|PostmanRuntime/7.39.0|

2024-07-08 00:24:29 [INFO]: Starting server initialization...
2024-07-08 00:24:30 [INFO]: Server running on port 3005
2024-07-08 00:24:36 [INFO]: Starting server initialization...
2024-07-08 00:24:36 [INFO]: Server running on port 3005
2024-07-08 00:25:07 [INFO]: Logging HTTP request: GET|/api/alerts/getAlerts|200|193 ms|::1|-|PostmanRuntime/7.39.0|

2024-07-08 00:27:40 [INFO]: Starting server initialization...
2024-07-08 00:27:40 [INFO]: Server running on port 3005
2024-07-08 00:27:47 [INFO]: Starting server initialization...
2024-07-08 00:27:48 [INFO]: Server running on port 3005
2024-07-08 00:28:02 [INFO]: Logging HTTP request: GET|/api/alerts/getAlerts|200|192 ms|::1|-|PostmanRuntime/7.39.0|

2024-07-08 00:31:39 [INFO]: Logging HTTP request: GET|/api/alerts/getAlerts|200|31 ms|::1|http://localhost:5173/|Mozilla/5.0 (Windows NT 10.0; Win64; x64) AppleWebKit/537.36 (KHTML, like Gecko) frontend-electron/1.0.0 Chrome/120.0.6099.291 Electron/28.3.3 Safari/537.36|

2024-07-08 00:31:39 [INFO]: Logging HTTP request: GET|/api/alerts/getAlerts|304|35 ms|::1|http://localhost:5173/|Mozilla/5.0 (Windows NT 10.0; Win64; x64) AppleWebKit/537.36 (KHTML, like Gecko) frontend-electron/1.0.0 Chrome/120.0.6099.291 Electron/28.3.3 Safari/537.36|

2024-07-08 00:31:39 [INFO]: Logging HTTP request: GET|/api/alerts/getAlerts|304|38 ms|::1|http://localhost:5173/|Mozilla/5.0 (Windows NT 10.0; Win64; x64) AppleWebKit/537.36 (KHTML, like Gecko) frontend-electron/1.0.0 Chrome/120.0.6099.291 Electron/28.3.3 Safari/537.36|

2024-07-08 00:37:38 [INFO]: Logging HTTP request: GET|/api/alerts/getAlerts|304|31 ms|::1|http://localhost:5173/|Mozilla/5.0 (Windows NT 10.0; Win64; x64) AppleWebKit/537.36 (KHTML, like Gecko) frontend-electron/1.0.0 Chrome/120.0.6099.291 Electron/28.3.3 Safari/537.36|

2024-07-08 00:37:38 [INFO]: Logging HTTP request: GET|/api/alerts/getAlerts|304|27 ms|::1|http://localhost:5173/|Mozilla/5.0 (Windows NT 10.0; Win64; x64) AppleWebKit/537.36 (KHTML, like Gecko) frontend-electron/1.0.0 Chrome/120.0.6099.291 Electron/28.3.3 Safari/537.36|

2024-07-08 00:37:38 [INFO]: Logging HTTP request: GET|/api/alerts/getAlerts|304|28 ms|::1|http://localhost:5173/|Mozilla/5.0 (Windows NT 10.0; Win64; x64) AppleWebKit/537.36 (KHTML, like Gecko) frontend-electron/1.0.0 Chrome/120.0.6099.291 Electron/28.3.3 Safari/537.36|

2024-07-08 22:49:55 [INFO]: Starting server initialization...
2024-07-08 22:49:56 [INFO]: Server running on port 3005
2024-07-08 22:50:20 [INFO]: Logging HTTP request: GET|/api/alerts/getAlerts|304|377 ms|::1|http://localhost:5173/|Mozilla/5.0 (Windows NT 10.0; Win64; x64) AppleWebKit/537.36 (KHTML, like Gecko) frontend-electron/1.0.0 Chrome/120.0.6099.291 Electron/28.3.3 Safari/537.36|

2024-07-08 22:50:20 [INFO]: Logging HTTP request: GET|/api/alerts/getAlerts|304|39 ms|::1|http://localhost:5173/|Mozilla/5.0 (Windows NT 10.0; Win64; x64) AppleWebKit/537.36 (KHTML, like Gecko) frontend-electron/1.0.0 Chrome/120.0.6099.291 Electron/28.3.3 Safari/537.36|

2024-07-08 22:50:20 [INFO]: Logging HTTP request: GET|/api/alerts/getAlerts|304|21 ms|::1|http://localhost:5173/|Mozilla/5.0 (Windows NT 10.0; Win64; x64) AppleWebKit/537.36 (KHTML, like Gecko) frontend-electron/1.0.0 Chrome/120.0.6099.291 Electron/28.3.3 Safari/537.36|

2024-07-08 23:11:03 [INFO]: Logging HTTP request: GET|/api/alerts/getAlerts|304|34 ms|::1|-|Mozilla/5.0 (Windows NT 10.0; Win64; x64) AppleWebKit/537.36 (KHTML, like Gecko) frontend-electron/1.0.0 Chrome/120.0.6099.291 Electron/28.3.3 Safari/537.36|

2024-07-08 23:11:03 [INFO]: Logging HTTP request: GET|/api/alerts/getAlerts|304|25 ms|::1|-|Mozilla/5.0 (Windows NT 10.0; Win64; x64) AppleWebKit/537.36 (KHTML, like Gecko) frontend-electron/1.0.0 Chrome/120.0.6099.291 Electron/28.3.3 Safari/537.36|

2024-07-08 23:36:53 [INFO]: Logging HTTP request: GET|/api/alerts/getAlerts|304|38 ms|::1|-|Mozilla/5.0 (Windows NT 10.0; Win64; x64) AppleWebKit/537.36 (KHTML, like Gecko) frontend-electron/1.0.0 Chrome/120.0.6099.291 Electron/28.3.3 Safari/537.36|

2024-07-08 23:36:53 [INFO]: Logging HTTP request: GET|/api/alerts/getAlerts|304|27 ms|::1|-|Mozilla/5.0 (Windows NT 10.0; Win64; x64) AppleWebKit/537.36 (KHTML, like Gecko) frontend-electron/1.0.0 Chrome/120.0.6099.291 Electron/28.3.3 Safari/537.36|

2024-07-08 23:38:51 [INFO]: Logging HTTP request: GET|/api/alerts/getAlerts|304|23 ms|::1|-|Mozilla/5.0 (Windows NT 10.0; Win64; x64) AppleWebKit/537.36 (KHTML, like Gecko) frontend-electron/1.0.0 Chrome/120.0.6099.291 Electron/28.3.3 Safari/537.36|

2024-07-08 23:38:51 [INFO]: Logging HTTP request: GET|/api/alerts/getAlerts|304|31 ms|::1|-|Mozilla/5.0 (Windows NT 10.0; Win64; x64) AppleWebKit/537.36 (KHTML, like Gecko) frontend-electron/1.0.0 Chrome/120.0.6099.291 Electron/28.3.3 Safari/537.36|

2024-07-08 23:59:14 [INFO]: Logging HTTP request: GET|/api/alerts/getAlerts|304|33 ms|::1|http://localhost:5173/|Mozilla/5.0 (Windows NT 10.0; Win64; x64) AppleWebKit/537.36 (KHTML, like Gecko) frontend-electron/1.0.0 Chrome/120.0.6099.291 Electron/28.3.3 Safari/537.36|

2024-07-08 23:59:14 [INFO]: Logging HTTP request: GET|/api/alerts/getAlerts|304|19 ms|::1|http://localhost:5173/|Mozilla/5.0 (Windows NT 10.0; Win64; x64) AppleWebKit/537.36 (KHTML, like Gecko) frontend-electron/1.0.0 Chrome/120.0.6099.291 Electron/28.3.3 Safari/537.36|

2024-07-08 23:59:14 [INFO]: Logging HTTP request: GET|/api/alerts/getAlerts|304|16 ms|::1|http://localhost:5173/|Mozilla/5.0 (Windows NT 10.0; Win64; x64) AppleWebKit/537.36 (KHTML, like Gecko) frontend-electron/1.0.0 Chrome/120.0.6099.291 Electron/28.3.3 Safari/537.36|

2024-07-09 00:37:16 [INFO]: Logging HTTP request: GET|/api/alerts/getAlerts|304|39 ms|::1|http://localhost:5173/|Mozilla/5.0 (Windows NT 10.0; Win64; x64) AppleWebKit/537.36 (KHTML, like Gecko) frontend-electron/1.0.0 Chrome/120.0.6099.291 Electron/28.3.3 Safari/537.36|

2024-07-09 00:37:16 [INFO]: Logging HTTP request: GET|/api/alerts/getAlerts|304|26 ms|::1|http://localhost:5173/|Mozilla/5.0 (Windows NT 10.0; Win64; x64) AppleWebKit/537.36 (KHTML, like Gecko) frontend-electron/1.0.0 Chrome/120.0.6099.291 Electron/28.3.3 Safari/537.36|

2024-07-09 00:37:16 [INFO]: Logging HTTP request: GET|/api/alerts/getAlerts|304|21 ms|::1|http://localhost:5173/|Mozilla/5.0 (Windows NT 10.0; Win64; x64) AppleWebKit/537.36 (KHTML, like Gecko) frontend-electron/1.0.0 Chrome/120.0.6099.291 Electron/28.3.3 Safari/537.36|

2024-07-09 00:54:13 [INFO]: Starting server initialization...
2024-07-09 00:54:13 [INFO]: Server running on port 3005
2024-07-09 02:05:44 [INFO]: Logging HTTP request: POST|/api/gpsdata/upload|202|5513 ms|::1|-|PostmanRuntime/7.39.0|

2024-07-09 02:15:00 [INFO]: Logging HTTP request: GET|/api/alerts/getAlerts|200|391 ms|::1|-|PostmanRuntime/7.39.0|

2024-07-09 02:58:53 [INFO]: Logging HTTP request: GET|/api/alerts/getAlerts|304|71 ms|::1|http://localhost:5173/|Mozilla/5.0 (Windows NT 10.0; Win64; x64) AppleWebKit/537.36 (KHTML, like Gecko) frontend-electron/1.0.0 Chrome/120.0.6099.291 Electron/28.3.3 Safari/537.36|

2024-07-09 02:58:53 [INFO]: Logging HTTP request: GET|/api/alerts/getAlerts|304|30 ms|::1|http://localhost:5173/|Mozilla/5.0 (Windows NT 10.0; Win64; x64) AppleWebKit/537.36 (KHTML, like Gecko) frontend-electron/1.0.0 Chrome/120.0.6099.291 Electron/28.3.3 Safari/537.36|

2024-07-09 02:58:53 [INFO]: Logging HTTP request: GET|/api/alerts/getAlerts|304|24 ms|::1|http://localhost:5173/|Mozilla/5.0 (Windows NT 10.0; Win64; x64) AppleWebKit/537.36 (KHTML, like Gecko) frontend-electron/1.0.0 Chrome/120.0.6099.291 Electron/28.3.3 Safari/537.36|

2024-07-10 00:45:22 [INFO]: Starting server initialization...
2024-07-10 00:45:23 [INFO]: Server running on port 3005
2024-07-10 00:45:37 [INFO]: Logging HTTP request: GET|/api/alerts/getAlerts|304|249 ms|::1|-|Mozilla/5.0 (Windows NT 10.0; Win64; x64) AppleWebKit/537.36 (KHTML, like Gecko) frontend-electron/1.0.0 Chrome/120.0.6099.291 Electron/28.3.3 Safari/537.36|

2024-07-10 00:45:37 [INFO]: Logging HTTP request: GET|/api/alerts/getAlerts|304|26 ms|::1|-|Mozilla/5.0 (Windows NT 10.0; Win64; x64) AppleWebKit/537.36 (KHTML, like Gecko) frontend-electron/1.0.0 Chrome/120.0.6099.291 Electron/28.3.3 Safari/537.36|

2024-07-10 01:54:01 [INFO]: Logging HTTP request: GET|/api/alerts/getAlerts|304|87 ms|::1|http://localhost:5173/|Mozilla/5.0 (Windows NT 10.0; Win64; x64) AppleWebKit/537.36 (KHTML, like Gecko) frontend-electron/1.0.0 Chrome/120.0.6099.291 Electron/28.3.3 Safari/537.36|

2024-07-10 01:54:01 [INFO]: Logging HTTP request: GET|/api/alerts/getAlerts|304|36 ms|::1|http://localhost:5173/|Mozilla/5.0 (Windows NT 10.0; Win64; x64) AppleWebKit/537.36 (KHTML, like Gecko) frontend-electron/1.0.0 Chrome/120.0.6099.291 Electron/28.3.3 Safari/537.36|

2024-07-10 01:54:01 [INFO]: Logging HTTP request: GET|/api/alerts/getAlerts|304|32 ms|::1|http://localhost:5173/|Mozilla/5.0 (Windows NT 10.0; Win64; x64) AppleWebKit/537.36 (KHTML, like Gecko) frontend-electron/1.0.0 Chrome/120.0.6099.291 Electron/28.3.3 Safari/537.36|

2024-07-10 01:59:58 [INFO]: Logging HTTP request: GET|/api/alerts/getAlerts|304|40 ms|::1|http://localhost:5173/|Mozilla/5.0 (Windows NT 10.0; Win64; x64) AppleWebKit/537.36 (KHTML, like Gecko) frontend-electron/1.0.0 Chrome/120.0.6099.291 Electron/28.3.3 Safari/537.36|

2024-07-10 01:59:58 [INFO]: Logging HTTP request: GET|/api/alerts/getAlerts|304|31 ms|::1|http://localhost:5173/|Mozilla/5.0 (Windows NT 10.0; Win64; x64) AppleWebKit/537.36 (KHTML, like Gecko) frontend-electron/1.0.0 Chrome/120.0.6099.291 Electron/28.3.3 Safari/537.36|

2024-07-10 01:59:58 [INFO]: Logging HTTP request: GET|/api/alerts/getAlerts|304|26 ms|::1|http://localhost:5173/|Mozilla/5.0 (Windows NT 10.0; Win64; x64) AppleWebKit/537.36 (KHTML, like Gecko) frontend-electron/1.0.0 Chrome/120.0.6099.291 Electron/28.3.3 Safari/537.36|

2024-07-10 02:10:56 [INFO]: Starting server initialization...
2024-07-10 02:10:57 [INFO]: Server running on port 3005
2024-07-10 02:11:09 [INFO]: Starting server initialization...
2024-07-10 02:11:09 [INFO]: Server running on port 3005
2024-07-10 02:11:14 [INFO]: Starting server initialization...
2024-07-10 02:11:15 [INFO]: Server running on port 3005
2024-07-10 02:11:31 [INFO]: Logging HTTP request: GET|/api/alerts/getAlerts|304|432 ms|::1|http://localhost:5173/|Mozilla/5.0 (Windows NT 10.0; Win64; x64) AppleWebKit/537.36 (KHTML, like Gecko) frontend-electron/1.0.0 Chrome/120.0.6099.291 Electron/28.3.3 Safari/537.36|

2024-07-10 02:11:31 [INFO]: Logging HTTP request: GET|/api/alerts/getAlerts|304|25 ms|::1|http://localhost:5173/|Mozilla/5.0 (Windows NT 10.0; Win64; x64) AppleWebKit/537.36 (KHTML, like Gecko) frontend-electron/1.0.0 Chrome/120.0.6099.291 Electron/28.3.3 Safari/537.36|

2024-07-10 02:11:31 [INFO]: Logging HTTP request: GET|/api/alerts/getAlerts|304|17 ms|::1|http://localhost:5173/|Mozilla/5.0 (Windows NT 10.0; Win64; x64) AppleWebKit/537.36 (KHTML, like Gecko) frontend-electron/1.0.0 Chrome/120.0.6099.291 Electron/28.3.3 Safari/537.36|

2024-07-10 02:11:50 [INFO]: Logging HTTP request: GET|/api/alerts/getAlerts|200|24 ms|::1|-|PostmanRuntime/7.39.0|

2024-07-10 02:25:02 [INFO]: Starting server initialization...
2024-07-10 02:25:03 [INFO]: Server running on port 3005
2024-07-10 02:25:07 [INFO]: Starting server initialization...
2024-07-10 02:25:08 [INFO]: Server running on port 3005
2024-07-10 02:25:17 [INFO]: Starting server initialization...
2024-07-10 02:25:18 [INFO]: Server running on port 3005
2024-07-10 02:25:48 [INFO]: Logging HTTP request: POST|/api/alerts/resolveAlert/1|404|5 ms|::1|-|PostmanRuntime/7.39.0|

2024-07-10 02:26:32 [INFO]: Starting server initialization...
2024-07-10 02:26:32 [INFO]: Server running on port 3005
2024-07-10 02:26:36 [INFO]: Logging HTTP request: POST|/api/alerts/resolveAlert/1|404|4 ms|::1|-|PostmanRuntime/7.39.0|

2024-07-10 02:27:14 [INFO]: Logging HTTP request: PUT|/api/alerts/resolveAlert/1|200|1178 ms|::1|-|PostmanRuntime/7.39.0|

2024-07-10 02:27:36 [INFO]: Logging HTTP request: PUT|/api/alerts/reopenAlert/1|200|511 ms|::1|-|PostmanRuntime/7.39.0|

2024-07-10 02:28:59 [INFO]: Starting server initialization...
2024-07-10 02:29:00 [INFO]: Server running on port 3005
2024-07-10 02:29:06 [INFO]: Starting server initialization...
2024-07-10 02:29:30 [INFO]: Starting server initialization...
2024-07-10 02:29:31 [INFO]: Server running on port 3005
2024-07-10 02:29:36 [INFO]: Starting server initialization...
2024-07-10 02:29:36 [INFO]: Server running on port 3005
2024-07-10 02:30:24 [INFO]: Logging HTTP request: PUT|/api/alerts/resolveAlert/1|200|1106 ms|::1|-|PostmanRuntime/7.39.0|

2024-07-10 02:31:10 [INFO]: Logging HTTP request: PUT|/api/alerts/reopenAlert/1|200|515 ms|::1|-|PostmanRuntime/7.39.0|

2024-07-10 02:33:04 [INFO]: Logging HTTP request: PUT|/api/alerts/resolveAlert/1|500|15 ms|::1|-|PostmanRuntime/7.39.0|

2024-07-10 02:33:12 [INFO]: Logging HTTP request: PUT|/api/alerts/resolveAlert/2|200|920 ms|::1|-|PostmanRuntime/7.39.0|

2024-07-10 02:33:32 [INFO]: Logging HTTP request: PUT|/api/alerts/reopenAlert/1|500|6 ms|::1|-|PostmanRuntime/7.39.0|

2024-07-10 02:34:05 [INFO]: Logging HTTP request: PUT|/api/alerts/reopenAlert/2|200|524 ms|::1|-|PostmanRuntime/7.39.0|

2024-07-10 02:34:26 [INFO]: Logging HTTP request: PUT|/api/alerts/resolveAlert/3|200|797 ms|::1|-|PostmanRuntime/7.39.0|

2024-07-10 02:36:06 [INFO]: Logging HTTP request: PUT|/api/alerts/reopenAlert/3|200|739 ms|::1|-|PostmanRuntime/7.39.0|

2024-07-10 15:51:43 [INFO]: Starting server initialization...
2024-07-10 15:51:44 [INFO]: Server running on port 3005
2024-07-10 15:51:56 [INFO]: Logging HTTP request: GET|/api/alerts/getAlerts|200|237 ms|::1|-|Mozilla/5.0 (Windows NT 10.0; Win64; x64) AppleWebKit/537.36 (KHTML, like Gecko) frontend-electron/1.0.0 Chrome/120.0.6099.291 Electron/28.3.3 Safari/537.36|

2024-07-10 15:51:56 [INFO]: Logging HTTP request: GET|/api/alerts/getAlerts|304|24 ms|::1|-|Mozilla/5.0 (Windows NT 10.0; Win64; x64) AppleWebKit/537.36 (KHTML, like Gecko) frontend-electron/1.0.0 Chrome/120.0.6099.291 Electron/28.3.3 Safari/537.36|

2024-07-11 00:19:36 [INFO]: Starting server initialization...
2024-07-11 00:19:37 [INFO]: Server running on port 3005
2024-07-11 00:22:30 [INFO]: Logging HTTP request: GET|/api/alerts/getAlerts|304|221 ms|::1|http://localhost:5173/|Mozilla/5.0 (Windows NT 10.0; Win64; x64) AppleWebKit/537.36 (KHTML, like Gecko) frontend-electron/1.0.0 Chrome/120.0.6099.291 Electron/28.3.3 Safari/537.36|

2024-07-11 00:22:30 [INFO]: Logging HTTP request: GET|/api/alerts/getAlerts|304|22 ms|::1|http://localhost:5173/|Mozilla/5.0 (Windows NT 10.0; Win64; x64) AppleWebKit/537.36 (KHTML, like Gecko) frontend-electron/1.0.0 Chrome/120.0.6099.291 Electron/28.3.3 Safari/537.36|

2024-07-11 00:22:30 [INFO]: Logging HTTP request: GET|/api/alerts/getAlerts|304|15 ms|::1|http://localhost:5173/|Mozilla/5.0 (Windows NT 10.0; Win64; x64) AppleWebKit/537.36 (KHTML, like Gecko) frontend-electron/1.0.0 Chrome/120.0.6099.291 Electron/28.3.3 Safari/537.36|

2024-07-11 00:22:39 [INFO]: Logging HTTP request: PUT|/api/alerts/resolveAlert/4|200|531 ms|::1|http://localhost:5173/|Mozilla/5.0 (Windows NT 10.0; Win64; x64) AppleWebKit/537.36 (KHTML, like Gecko) frontend-electron/1.0.0 Chrome/120.0.6099.291 Electron/28.3.3 Safari/537.36|

2024-07-11 00:22:39 [INFO]: Logging HTTP request: GET|/api/alerts/getAlerts|200|16 ms|::1|http://localhost:5173/|Mozilla/5.0 (Windows NT 10.0; Win64; x64) AppleWebKit/537.36 (KHTML, like Gecko) frontend-electron/1.0.0 Chrome/120.0.6099.291 Electron/28.3.3 Safari/537.36|

2024-07-11 00:22:47 [INFO]: Logging HTTP request: PUT|/api/alerts/reopenAlert/4|200|478 ms|::1|http://localhost:5173/|Mozilla/5.0 (Windows NT 10.0; Win64; x64) AppleWebKit/537.36 (KHTML, like Gecko) frontend-electron/1.0.0 Chrome/120.0.6099.291 Electron/28.3.3 Safari/537.36|

2024-07-11 00:22:47 [INFO]: Logging HTTP request: GET|/api/alerts/getAlerts|200|23 ms|::1|http://localhost:5173/|Mozilla/5.0 (Windows NT 10.0; Win64; x64) AppleWebKit/537.36 (KHTML, like Gecko) frontend-electron/1.0.0 Chrome/120.0.6099.291 Electron/28.3.3 Safari/537.36|

2024-07-11 00:23:07 [INFO]: Logging HTTP request: PUT|/api/alerts/resolveAlert/4|500|6 ms|::1|http://localhost:5173/|Mozilla/5.0 (Windows NT 10.0; Win64; x64) AppleWebKit/537.36 (KHTML, like Gecko) frontend-electron/1.0.0 Chrome/120.0.6099.291 Electron/28.3.3 Safari/537.36|

2024-07-11 00:23:07 [INFO]: Logging HTTP request: GET|/api/alerts/getAlerts|304|18 ms|::1|http://localhost:5173/|Mozilla/5.0 (Windows NT 10.0; Win64; x64) AppleWebKit/537.36 (KHTML, like Gecko) frontend-electron/1.0.0 Chrome/120.0.6099.291 Electron/28.3.3 Safari/537.36|

2024-07-11 00:29:22 [INFO]: Logging HTTP request: PUT|/api/alerts/resolveAlert/149|200|816 ms|::1|http://localhost:5173/|Mozilla/5.0 (Windows NT 10.0; Win64; x64) AppleWebKit/537.36 (KHTML, like Gecko) frontend-electron/1.0.0 Chrome/120.0.6099.291 Electron/28.3.3 Safari/537.36|

2024-07-11 00:29:22 [INFO]: Logging HTTP request: GET|/api/alerts/getAlerts|200|21 ms|::1|http://localhost:5173/|Mozilla/5.0 (Windows NT 10.0; Win64; x64) AppleWebKit/537.36 (KHTML, like Gecko) frontend-electron/1.0.0 Chrome/120.0.6099.291 Electron/28.3.3 Safari/537.36|

2024-07-11 01:26:15 [INFO]: Starting server initialization...
2024-07-11 01:26:16 [INFO]: Server running on port 3005
